<?xml version="1.0" encoding="UTF-8"?>
<testsuite xmlns:xsi="http://www.w3.org/2001/XMLSchema-instance" xsi:noNamespaceSchemaLocation="https://maven.apache.org/surefire/maven-surefire-plugin/xsd/surefire-test-report-3.0.xsd" version="3.0" name="ar.edu.unahur.obj2.observer.observables.ProductoSubatadoTest" time="0.107" tests="7" errors="0" skipped="0" failures="0">
  <properties>
[...]
</properties>
  <testcase name="elUnicoHaceSolamenteUnaOferta" classname="ar.edu.unahur.obj2.observer.observables.ProductoSubatadoTest" time="0.056"/>
  <testcase name="noSEPuedeAgregarUnaOfertaDeDiazdanYaQueNoEsParticipante" classname="ar.edu.unahur.obj2.observer.observables.ProductoSubatadoTest" time="0.006"/>
  <testcase name="loSubastadoresRecibenCorrectamenteLaUltimaOfertaRealizada" classname="ar.edu.unahur.obj2.observer.observables.ProductoSubatadoTest" time="0.001"/>
  <testcase name="laUltimaOfertaPerteneceArtomau" classname="ar.edu.unahur.obj2.observer.observables.ProductoSubatadoTest" time="0.0"/>
  <testcase name="laCantidadDeOfertasRecibidasEsDe3" classname="ar.edu.unahur.obj2.observer.observables.ProductoSubatadoTest" time="0.001"/>
  <testcase name="elLimitadoNoOfertaCuandoElValorSuperaSuUmbralDe20" classname="ar.edu.unahur.obj2.observer.observables.ProductoSubatadoTest" time="0.001"/>
  <testcase name="elValorDeLaUltimaOfertaEsDe30Pesutis" classname="ar.edu.unahur.obj2.observer.observables.ProductoSubatadoTest" time="0.001"/>
</testsuite>